Starting program: foobar
...
0x0000000100003f68:  910003fd   mov x29, sp
        fp = 0x16fdff8c0
0x0000000100003f6c:  90000000   adrp x0, #0x100003000
        x0 = 0x100003000
0x0000000100003f70:  913e7000   add x0, x0, #0xf9c
        x0 = 0x100003f9c
0x0000000100003f74:  94000007   bl #0x100003f90
        lr = 0x100003f78
0x0000000100003f90:  b0000010   adrp x16, #0x100004000
       x16 = 0x100004000
0x0000000100003f94:  f9400210   ldr x16, [x16]
       x16 = 0x100017f90
0x0000000100003f98:  d61f0200   br x16
0x0000000100017f90:  aa0003e1   mov x1, x0
        x1 = 0x100003f9c
0x0000000100017f94:  d2800020   mov x0, #1
        x0 = 0x1
0x0000000100017f98:  d2800082   mov x2, #4
        x2 = 0x4
0x0000000100017f9c:  d2800090   mov x16, #4
       x16 = 0x4
0x0000000100017fa0:  d4001001   svc #0x80
foo
        x0 = 0x4
        x1 = 0
      cpsr = 0x40001000
0x0000000100017fa4:  d65f03c0   ret
0x0000000100003f78:  90000000   adrp x0, #0x100003000
        x0 = 0x100003000
0x0000000100003f7c:  913e8400   add x0, x0, #0xfa1
        x0 = 0x100003fa1
0x0000000100003f80:  94000004   bl #0x100003f90
        lr = 0x100003f84
0x0000000100003f90:  b0000010   adrp x16, #0x100004000
       x16 = 0x100004000
0x0000000100003f94:  f9400210   ldr x16, [x16]
       x16 = 0x100017f90
0x0000000100003f98:  d61f0200   br x16
0x0000000100017f90:  aa0003e1   mov x1, x0
        x1 = 0x100003fa1
0x0000000100017f94:  d2800020   mov x0, #1
        x0 = 0x1
0x0000000100017f98:  d2800082   mov x2, #4
0x0000000100017f9c:  d2800090   mov x16, #4
       x16 = 0x4
0x0000000100017fa0:  d4001001   svc #0x80
bar
        x0 = 0x4
        x1 = 0
0x0000000100017fa4:  d65f03c0   ret
0x0000000100003f84:  52800000   mov w0, #0
        x0 = 0
0x0000000100003f88:  a8c17bfd   ldp x29, x30, [sp], #0x10
        fp = 0x16fdffb00
        lr = 0x1971b0274
        sp = 0x16fdff8d0
0x0000000100003f8c:  d65f03c0   ret
0x00000001971b0274:  aa0003f3   mov x19, x0
       x19 = 0
0x00000001971b0278:  f94033e8   ldr x8, [sp, #0x60]
        x8 = 0x1fc3b04f0
0x00000001971b027c:  f9400508   ldr x8, [x8, #8]
        x8 = 0x1fc3b0150
0x00000001971b0280:  b9404500   ldr w0, [x8, #0x44]
        x0 = 0x1
0x00000001971b0284:  d2800001   mov x1, #0
0x00000001971b0288:  94012102   bl #0x1971f8690
        lr = 0x1971b028c
0x00000001971f8690:  aa0003e8   mov x8, x0
        x8 = 0x1
0x00000001971f8694:  52800000   mov w0, #0
        x0 = 0
0x00000001971f8698:  51001d10   sub w16, w8, #7
       x16 = 0xfffffffa
0x00000001971f869c:  7100161f   cmp w16, #5
      cpsr = 0xa0001000
0x00000001971f86a0:  540002c8   b.hi #0x1971f86f8
0x00000001971f86f8:  d65f03c0   ret
0x00000001971b028c:  34000060   cbz w0, #0x1971b0298
0x00000001971b0298:  f94033e8   ldr x8, [sp, #0x60]
        x8 = 0x1fc3b04f0
0x00000001971b029c:  f9404d00   ldr x0, [x8, #0x98]
        x0 = 0x1fd50e740
0x00000001971b02a0:  f9400010   ldr x16, [x0]
       x16 = 0x1fd50e908
0x00000001971b02a4:  aa0003f1   mov x17, x0
       x17 = 0x1fd50e740
0x00000001971b02a8:  f2f357f1   movk x17, #0x9abf, lsl #48
       x17 = 0x9abf0001fd50e740
0x00000001971b02ac:  dac11a30   autda x16, x17
0x00000001971b02b0:  f8478e08   ldr x8, [x16, #0x78]!
0x00000001971b02b0:  f8478e08   ldr x8, [x16, #0x78]!
        x8 = 0x197556938
       x16 = 0x1fd50e980
0x00000001971b02b4:  aa1003e9   mov x9, x16
        x9 = 0x1fd50e980
0x00000001971b02b8:  aa1303e1   mov x1, x19
0x00000001971b02bc:  aa0903f1   mov x17, x9
       x17 = 0x1fd50e980
0x00000001971b02c0:  f2e68911   movk x17, #0x3448, lsl #48
       x17 = 0x34480001fd50e980
0x00000001971b02c4:  d73f0911   blraa x8, x17
        lr = 0x1971b02c8
0x0000000197556938:  d503237f   pacibsp
0x000000019755693c:  a9bf7bfd   stp x29, x30, [sp, #-0x10]!
        sp = 0x16fdff8c0
0x0000000197556940:  910003fd   mov x29, sp
        fp = 0x16fdff8c0
0x0000000197556944:  aa0103e0   mov x0, x1
        x0 = 0
0x0000000197556948:  94002363   bl #0x19755f6d4
        lr = 0x19755694c
0x000000019755f6d4:  d0369a31   adrp x17, #0x2048a5000
       x17 = 0x2048a5000
0x000000019755f6d8:  9100e231   add x17, x17, #0x38
0x000000019755f6d8:  9100e231   add x17, x17, #0x38
       x17 = 0x2048a5038
0x000000019755f6dc:  f9400230   ldr x16, [x17]
       x16 = 0x1973ee730
0x000000019755f6e0:  d71f0a11   braa x16, x17
0x00000001973ee730:  d503237f   pacibsp
0x00000001973ee734:  a9be4ff4   stp x20, x19, [sp, #-0x20]!
        sp = 0x16fdff8a0
0x00000001973ee738:  a9017bfd   stp x29, x30, [sp, #0x10]
0x00000001973ee73c:  910043fd   add x29, sp, #0x10
        fp = 0x16fdff8b0
0x00000001973ee740:  aa0003f3   mov x19, x0
0x00000001973ee744:  7102b41f   cmp w0, #0xad
      cpsr = 0x80001000
0x00000001973ee748:  54000041   b.ne #0x1973ee750
0x00000001973ee750:  94014778   bl #0x197440530
        lr = 0x1973ee754
0x0000000197440530:  9036a331   adrp x17, #0x2048a4000
       x17 = 0x2048a4000
0x0000000197440534:  9130e231   add x17, x17, #0xc38
       x17 = 0x2048a4c38
0x0000000197440538:  f9400230   ldr x16, [x17]
       x16 = 0x19753b3c8
0x000000019744053c:  d71f0a11   braa x16, x17
0x000000019753b3c8:  b03273a8   adrp x8, #0x1fc3b0000
        x8 = 0x1fc3b0000
0x000000019753b3cc:  f9400100   ldr x0, [x8]
        x0 = 0x1fc3b04f0
0x000000019753b3d0:  f9400010   ldr x16, [x0]
       x16 = 0x1fd4e37a8
0x000000019753b3d4:  aa0003f1   mov x17, x0
       x17 = 0x1fc3b04f0
0x000000019753b3d8:  f2ec7f51   movk x17, #0x63fa, lsl #48
       x17 = 0x63fa0001fc3b04f0
0x000000019753b3dc:  dac11a30   autda x16, x17
0x000000019753b3e0:  d2803811   mov x17, #0x1c0
       x17 = 0x1c0
0x000000019753b3e4:  8b110210   add x16, x16, x17
       x16 = 0x1fd4e3968
0x000000019753b3e8:  f9400201   ldr x1, [x16]
        x1 = 0x1971e6028
0x000000019753b3ec:  aa1003e2   mov x2, x16
        x2 = 0x1fd4e3968
0x000000019753b3f0:  aa0203f0   mov x16, x2
0x000000019753b3f4:  f2e444d0   movk x16, #0x2226, lsl #48
       x16 = 0x22260001fd4e3968
0x000000019753b3f8:  d71f0830   braa x1, x16
0x00000001971e6028:  17ff6b40   b #0x1971c0d28
0x00000001971c0d28:  d503237f   pacibsp
0x00000001971c0d2c:  a9be4ff4   stp x20, x19, [sp, #-0x20]!
        sp = 0x16fdff880
0x00000001971c0d30:  a9017bfd   stp x29, x30, [sp, #0x10]
0x00000001971c0d34:  910043fd   add x29, sp, #0x10
        fp = 0x16fdff890
0x00000001971c0d38:  aa0003f3   mov x19, x0
       x19 = 0x1fc3b04f0
0x00000001971c0d3c:  f9404c00   ldr x0, [x0, #0x98]
        x0 = 0x1fd50e740
0x00000001971c0d40:  f9423e61   ldr x1, [x19, #0x478]
        x1 = 0x101
0x00000001971c0d44:  f9400010   ldr x16, [x0]
       x16 = 0x1fd50e908
0x00000001971c0d48:  aa0003f1   mov x17, x0
       x17 = 0x1fd50e740
0x00000001971c0d4c:  f2f357f1   movk x17, #0x9abf, lsl #48
       x17 = 0x9abf0001fd50e740
0x00000001971c0d50:  dac11a30   autda x16, x17
0x00000001971c0d54:  f8440e08   ldr x8, [x16, #0x40]!
        x8 = 0x1975568c0
       x16 = 0x1fd50e948
0x00000001971c0d58:  aa1003e9   mov x9, x16
        x9 = 0x1fd50e948
0x00000001971c0d5c:  aa0903f1   mov x17, x9
       x17 = 0x1fd50e948
0x00000001971c0d60:  f2fb3571   movk x17, #0xd9ab, lsl #48
       x17 = 0xd9ab0001fd50e948
0x00000001971c0d64:  d73f0911   blraa x8, x17
        lr = 0x1971c0d68
0x00000001975568c0:  aa0103e0   mov x0, x1
        x0 = 0x101
0x00000001975568c4:  14002424   b #0x19755f954
0x000000019755f954:  f0369a31   adrp x17, #0x2048a6000
       x17 = 0x2048a6000
0x000000019755f958:  911ac231   add x17, x17, #0x6b0
       x17 = 0x2048a66b0
0x000000019755f95c:  f9400230   ldr x16, [x17]
       x16 = 0x19752e16c
0x000000019755f960:  d71f0a11   braa x16, x17
0x000000019752e16c:  d53bd068   mrs x8, tpidrro_el0
        x8 = 0x1fc647920
0x000000019752e170:  f8607900   ldr x0, [x8, x0, lsl #3]
        x0 = 0
0x000000019752e174:  d65f03c0   ret
0x00000001971c0d68:  b4000480   cbz x0, #0x1971c0df8
0x00000001971c0df8:  a9417bfd   ldp x29, x30, [sp, #0x10]
        fp = 0x16fdff8b0
        lr = 0x1973ee754
0x00000001971c0dfc:  a8c24ff4   ldp x20, x19, [sp], #0x20
       x19 = 0
        sp = 0x16fdff8a0
0x00000001971c0e00:  d65f0fff   retab
0x00000001973ee754:  d2800000   mov x0, #0
0x00000001973ee758:  94000007   bl #0x1973ee774
        lr = 0x1973ee75c
0x00000001973ee774:  b40001a0   cbz x0, #0x1973ee7a8
0x00000001973ee7a8:  52800001   mov w1, #0
        x1 = 0
0x00000001973ee7ac:  ca1e07d0   eor x16, x30, x30, lsl #1
       x16 = 0x2b94329e4
0x00000001973ee7b0:  b6f00050   tbz x16, #0x3e, #0x1973ee7b8
0x00000001973ee7b8:  14000001   b #0x1973ee7bc
0x00000001973ee7bc:  d503237f   pacibsp
0x00000001973ee7c0:  a9ba6ffc   stp x28, x27, [sp, #-0x60]!
        sp = 0x16fdff840
0x00000001973ee7c4:  a90167fa   stp x26, x25, [sp, #0x10]
0x00000001973ee7c8:  a9025ff8   stp x24, x23, [sp, #0x20]
0x00000001973ee7cc:  a90357f6   stp x22, x21, [sp, #0x30]
0x00000001973ee7d0:  a9044ff4   stp x20, x19, [sp, #0x40]
0x00000001973ee7d4:  a9057bfd   stp x29, x30, [sp, #0x50]
0x00000001973ee7d8:  910143fd   add x29, sp, #0x50
        fp = 0x16fdff890
0x00000001973ee7dc:  aa0103f3   mov x19, x1
0x00000001973ee7e0:  aa0003f4   mov x20, x0
       x20 = 0
0x00000001973ee7e4:  b0329300   adrp x0, #0x1fc64f000
        x0 = 0x1fc64f000
0x00000001973ee7e8:  9106e000   add x0, x0, #0x1b8
        x0 = 0x1fc64f1b8
0x00000001973ee7ec:  94014985   bl #0x197440e00
0x00000001973ee7ec:  94014985   bl #0x197440e00
        lr = 0x1973ee7f0
0x0000000197440e00:  d036a331   adrp x17, #0x2048a6000
       x17 = 0x2048a6000
0x0000000197440e04:  911be231   add x17, x17, #0x6f8
       x17 = 0x2048a66f8
0x0000000197440e08:  f9400230   ldr x16, [x17]
       x16 = 0x19752d8d4
0x0000000197440e0c:  d71f0a11   braa x16, x17
0x000000019752d8d4:  d503237f   pacibsp
0x000000019752d8d8:  a9bf7bfd   stp x29, x30, [sp, #-0x10]!
        sp = 0x16fdff830
0x000000019752d8dc:  910003fd   mov x29, sp
        fp = 0x16fdff830
0x000000019752d8e0:  f9400008   ldr x8, [x0]
        x8 = 0x32aaaba7
0x000000019752d8e4:  528a8b49   mov w9, #0x545a
        x9 = 0x545a
0x000000019752d8e8:  72a9aaa9   movk w9, #0x4d55, lsl #16
        x9 = 0x4d55545a
0x000000019752d8ec:  eb09011f   cmp x8, x9
0x000000019752d8f0:  54000461   b.ne #0x19752d97c
0x000000019752d97c:  52800001   mov w1, #0
0x000000019752d980:  a8c17bfd   ldp x29, x30, [sp], #0x10
        fp = 0x16fdff890
        sp = 0x16fdff840
0x000000019752d984:  d50323ff   autibsp
0x000000019752d988:  ca1e07d0   eor x16, x30, x30, lsl #1
       x16 = 0x2b9432810
0x000000019752d98c:  b6f00050   tbz x16, #0x3e, #0x19752d994
0x000000019752d994:  14000012   b #0x19752d9dc
0x000000019752d9dc:  d503237f   pacibsp
0x000000019752d9e0:  a9be4ff4   stp x20, x19, [sp, #-0x20]!
        sp = 0x16fdff820
0x000000019752d9e4:  a9017bfd   stp x29, x30, [sp, #0x10]
0x000000019752d9e8:  910043fd   add x29, sp, #0x10
        fp = 0x16fdff830
0x000000019752d9ec:  aa0103f3   mov x19, x1
0x000000019752d9f0:  aa0003f4   mov x20, x0
       x20 = 0x1fc64f1b8
0x000000019752d9f4:  f9400008   ldr x8, [x0]
0x000000019752d9f8:  92407d08   and x8, x8, #0xffffffff
0x000000019752d9fc:  927ef908   and x8, x8, #0xfffffffffffffffd
        x8 = 0x32aaaba5
0x000000019752da00:  528a8b09   mov w9, #0x5458
        x9 = 0x5458
0x000000019752da04:  72a9aaa9   movk w9, #0x4d55, lsl #16
        x9 = 0x4d555458
0x000000019752da08:  eb09011f   cmp x8, x9
0x000000019752da0c:  540000e0   b.eq #0x19752da28
0x000000019752da10:  aa1403e0   mov x0, x20
0x000000019752da14:  94000021   bl #0x19752da98
        lr = 0x19752da18
0x000000019752da98:  d503237f   pacibsp
0x000000019752da9c:  a9bd57f6   stp x22, x21, [sp, #-0x30]!
        sp = 0x16fdff7f0
0x000000019752daa0:  a9014ff4   stp x20, x19, [sp, #0x10]
0x000000019752daa4:  a9027bfd   stp x29, x30, [sp, #0x20]
0x000000019752daa8:  910083fd   add x29, sp, #0x20
        fp = 0x16fdff810
0x000000019752daac:  52957415   mov w21, #0xaba0
       x21 = 0xaba0
0x000000019752dab0:  72a65555   movk w21, #0x32aa, lsl #16
       x21 = 0x32aaaba0
0x000000019752dab4:  f9400008   ldr x8, [x0]
        x8 = 0x32aaaba7
0x000000019752dab8:  927c6d09   and x9, x8, #0xfffffff0
        x9 = 0x32aaaba0
0x000000019752dabc:  eb15013f   cmp x9, x21
      cpsr = 0x60001000
0x000000019752dac0:  540004c1   b.ne #0x19752db58
0x000000019752dac4:  aa0003f4   mov x20, x0
0x000000019752dac8:  52800008   mov w8, #0
        x8 = 0
0x000000019752dacc:  91002013   add x19, x0, #8
       x19 = 0x1fc64f1c0
0x000000019752dad0:  d53bd076   mrs x22, tpidrro_el0
       x22 = 0x1fc647920
0x000000019752dad4:  b9401ac9   ldr w9, [x22, #0x18]
        x9 = 0x103
0x000000019752dad8:  88e87e69   casa w8, w9, [x19]
0x000000019752dadc:  7100011f   cmp w8, #0
0x000000019752dae0:  54000080   b.eq #0x19752daf0
0x000000019752daf0:  f9400288   ldr x8, [x20]
        x8 = 0x32aaaba7
0x000000019752daf4:  927c6d09   and x9, x8, #0xfffffff0
        x9 = 0x32aaaba0
0x000000019752daf8:  eb15013f   cmp x9, x21
0x000000019752dafc:  540003e1   b.ne #0x19752db78
0x000000019752db00:  12000d08   and w8, w8, #0xf
        x8 = 0x7
0x000000019752db04:  52840009   mov w9, #0x2000
        x9 = 0x2000
0x000000019752db08:  b9000e89   str w9, [x20, #0xc]
0x000000019752db0c:  528002d5   mov w21, #0x16
       x21 = 0x16
0x000000019752db10:  51000510   sub w16, w8, #1
0x000000019752db10:  51000510   sub w16, w8, #1
       x16 = 0x6
0x000000019752db14:  71001a1f   cmp w16, #6
0x000000019752db18:  54000cc8   b.hi #0x19752dcb0
0x000000019752db1c:  5284008a   mov w10, #0x2004
       x10 = 0x2004
0x000000019752db20:  f1001a1f   cmp x16, #6
0x000000019752db24:  9a9f9210   csel x16, x16, xzr, ls
0x000000019752db28:  b0000051   adrp x17, #0x197536000
       x17 = 0x197536000
0x000000019752db2c:  9126d231   add x17, x17, #0x9b4
       x17 = 0x1975369b4
0x000000019752db30:  b8b07a30   ldrsw x16, [x17, x16, lsl #2]
       x16 = 0xc
0x000000019752db34:  10000011   adr x17, #0x19752db34
       x17 = 0x19752db34
0x000000019752db38:  8b100230   add x16, x17, x16
       x16 = 0x19752db40
0x000000019752db3c:  d61f0200   br x16
0x000000019752db40:  7900229f   strh wzr, [x20, #0x10]
0x000000019752db44:  71000d1f   cmp w8, #3
0x000000019752db44:  71000d1f   cmp w8, #3
      cpsr = 0x20001000
0x000000019752db48:  540002e1   b.ne #0x19752dba4
0x000000019752dba4:  5284000a   mov w10, #0x2000
       x10 = 0x2000
0x000000019752dba8:  528a8b08   mov w8, #0x5458
        x8 = 0x5458
0x000000019752dbac:  72a9aaa8   movk w8, #0x4d55, lsl #16
        x8 = 0x4d555458
0x000000019752dbb0:  f0317fe9   adrp x9, #0x1fa52c000
        x9 = 0x1fa52c000
0x000000019752dbb4:  b9400529   ldr w9, [x9, #4]
        x9 = 0x2
0x000000019752dbb8:  531a092b   ubfiz w11, w9, #6, #3
       x11 = 0x80
0x000000019752dbbc:  2a0b0149   orr w9, w10, w11
        x9 = 0x2080
0x000000019752dbc0:  321b0129   orr w9, w9, #0x20
        x9 = 0x20a0
0x000000019752dbc4:  7900269f   strh wzr, [x20, #0x12]
0x000000019752dbc8:  721e055f   tst w10, #0xc
      cpsr = 0x40001000
0x000000019752dbcc:  54000381   b.ne #0x19752dc3c
0x000000019752dbd0:  7102017f   cmp w11, #0x80
      cpsr = 0x60001000
0x000000019752dbd4:  54000060   b.eq #0x19752dbe0
0x000000019752dbe0:  f0318048   adrp x8, #0x1fa538000
        x8 = 0x1fa538000
0x000000019752dbe4:  3940e108   ldrb w8, [x8, #0x38]
        x8 = 0
0x000000019752dbe8:  528a8b0a   mov w10, #0x5458
       x10 = 0x5458
0x000000019752dbec:  72a9aaaa   movk w10, #0x4d55, lsl #16
       x10 = 0x4d555458
0x000000019752dbf0:  321f014b   orr w11, w10, #2
       x11 = 0x4d55545a
0x000000019752dbf4:  7100011f   cmp w8, #0
0x000000019752dbf8:  1a8b1148   csel w8, w10, w11, ne
        x8 = 0x4d55545a
0x000000019752dbfc:  5280398a   mov w10, #0x1cc
       x10 = 0x1cc
0x000000019752dc00:  a0a012a   and w10, w9, w10
       x10 = 0x80
0x000000019752dc04:  7102015f   cmp w10, #0x80
0x000000019752dc08:  540001a1   b.ne #0x19752dc3c
0x000000019752dc0c:  f031804a   adrp x10, #0x1fa538000
       x10 = 0x1fa538000
0x000000019752dc10:  3940e14a   ldrb w10, [x10, #0x38]
       x10 = 0
0x000000019752dc14:  528a8b0b   mov w11, #0x5458
       x11 = 0x5458
0x000000019752dc18:  72a9aaab   movk w11, #0x4d55, lsl #16
       x11 = 0x4d555458
0x000000019752dc1c:  b27f016c   orr x12, x11, #2
       x12 = 0x4d55545a
0x000000019752dc20:  7100015f   cmp w10, #0
0x000000019752dc24:  9a8c116a   csel x10, x11, x12, ne
       x10 = 0x4d55545a
0x000000019752dc28:  eb28415f   cmp x10, w8, uxtw
0x000000019752dc2c:  54000081   b.ne #0x19752dc3c
0x000000019752dc30:  f031804a   adrp x10, #0x1fa538000
       x10 = 0x1fa538000
0x000000019752dc34:  3941114a   ldrb w10, [x10, #0x44]
       x10 = 0
0x000000019752dc38:  2a0a3929   orr w9, w9, w10, lsl #14
0x000000019752dc3c:  b9000e89   str w9, [x20, #0xc]
0x000000019752dc40:  37700229   tbnz w9, #0xe, #0x19752dc84
0x000000019752dc44:  9100628c   add x12, x20, #0x18
       x12 = 0x1fc64f1d0
0x000000019752dc48:  91009e8a   add x10, x20, #0x27
       x10 = 0x1fc64f1df
0x000000019752dc4c:  927df14a   and x10, x10, #0xfffffffffffffff8
       x10 = 0x1fc64f1d8
0x000000019752dc50:  91007e8b   add x11, x20, #0x1f
       x11 = 0x1fc64f1d7
0x000000019752dc54:  927df16b   and x11, x11, #0xfffffffffffffff8
       x11 = 0x1fc64f1d0
0x000000019752dc58:  eb0b019f   cmp x12, x11
0x000000019752dc5c:  540000a0   b.eq #0x19752dc70
0x000000019752dc70:  92800009   mov x9, #-1
        x9 = 0xffffffffffffffff
0x000000019752dc74:  f9001689   str x9, [x20, #0x28]
0x000000019752dc78:  f900017f   str xzr, [x11]
0x000000019752dc7c:  f900015f   str xzr, [x10]
0x000000019752dc80:  14000005   b #0x19752dc94
0x000000019752dc94:  52800015   mov w21, #0
       x21 = 0
0x000000019752dc98:  aa3403e9   mvn x9, x20
        x9 = 0xfffffffe039b0e47
0x000000019752dc9c:  f9001a89   str x9, [x20, #0x30]
0x000000019752dca0:  29072288   stp w8, w8, [x20, #0x38]
0x000000019752dca4:  b9001688   str w8, [x20, #0x14]
0x000000019752dca8:  b900069f   str wzr, [x20, #4]
0x000000019752dcac:  889ffe88   stlr w8, [x20]
0x000000019752dcb0:  b9401ac8   ldr w8, [x22, #0x18]
        x8 = 0x103
0x000000019752dcb4:  aa0803e9   mov x9, x8
        x9 = 0x103
0x000000019752dcb8:  88a9fe7f   casl w9, wzr, [x19]
0x000000019752dcbc:  6b08013f   cmp w9, w8
0x000000019752dcc0:  54000060   b.eq #0x19752dccc
0x000000019752dccc:  aa1503e0   mov x0, x21
        x0 = 0
0x000000019752dcd0:  a9427bfd   ldp x29, x30, [sp, #0x20]
        fp = 0x16fdff830
0x000000019752dcd4:  a9414ff4   ldp x20, x19, [sp, #0x10]
       x19 = 0
0x000000019752dcd8:  a8c357f6   ldp x22, x21, [sp], #0x30
       x21 = 0x1fc3b0050
       x22 = 0x16fdff9b8
        sp = 0x16fdff820
0x000000019752dcdc:  d65f0fff   retab
0x000000019752da18:  34000080   cbz w0, #0x19752da28
0x000000019752da28:  b9400e88   ldr w8, [x20, #0xc]
        x8 = 0x20a0
0x000000019752da2c:  121a0909   and w9, w8, #0x1c0
        x9 = 0x80
0x000000019752da30:  aa1403e0   mov x0, x20
        x0 = 0x1fc64f1b8
0x000000019752da34:  aa1303e1   mov x1, x19
0x000000019752da38:  7101013f   cmp w9, #0x40
0x000000019752da38:  7101013f   cmp w9, #0x40
      cpsr = 0x20001000
0x000000019752da3c:  54000120   b.eq #0x19752da60
0x000000019752da40:  377001e8   tbnz w8, #0xe, #0x19752da7c
0x000000019752da44:  a9417bfd   ldp x29, x30, [sp, #0x10]
        fp = 0x16fdff890
        lr = 0x1973ee7f0
0x000000019752da48:  a8c24ff4   ldp x20, x19, [sp], #0x20
       x20 = 0
        sp = 0x16fdff840
0x000000019752da4c:  d50323ff   autibsp
0x000000019752da50:  ca1e07d0   eor x16, x30, x30, lsl #1
       x16 = 0x2b9432810
0x000000019752da54:  b6f00050   tbz x16, #0x3e, #0x19752da5c
0x000000019752da5c:  140000a1   b #0x19752dce0
0x000000019752dce0:  d503237f   pacibsp
0x000000019752dce4:  a9be4ff4   stp x20, x19, [sp, #-0x20]!
        sp = 0x16fdff820
0x000000019752dce8:  a9017bfd   stp x29, x30, [sp, #0x10]
0x000000019752dcec:  910043fd   add x29, sp, #0x10
        fp = 0x16fdff830
0x000000019752dcf0:  aa0003f3   mov x19, x0
       x19 = 0x1fc64f1b8
0x000000019752dcf4:  91009c08   add x8, x0, #0x27
        x8 = 0x1fc64f1df
0x000000019752dcf8:  927df109   and x9, x8, #0xfffffffffffffff8
        x9 = 0x1fc64f1d8
0x000000019752dcfc:  f9400128   ldr x8, [x9]
        x8 = 0
0x000000019752dd00:  91007c0a   add x10, x0, #0x1f
       x10 = 0x1fc64f1d7
0x000000019752dd04:  927df14a   and x10, x10, #0xfffffffffffffff8
       x10 = 0x1fc64f1d0
0x000000019752dd08:  d53bd06b   mrs x11, tpidrro_el0
       x11 = 0x1fc647920
0x000000019752dd0c:  f85f816b   ldur x11, [x11, #-8]
0x000000019752dd0c:  f85f816b   ldur x11, [x11, #-8]
       x11 = 0x626e22
0x000000019752dd10:  b9400c0c   ldr w12, [x0, #0xc]
       x12 = 0x20a0
0x000000019752dd14:  721e058d   ands w13, w12, #0xc
       x13 = 0
      cpsr = 0x40001000
0x000000019752dd18:  54000340   b.eq #0x19752dd80
0x000000019752dd80:  f9400142   ldr x2, [x10]
        x2 = 0
0x000000019752dd84:  34fffe01   cbz w1, #0x19752dd44
0x000000019752dd44:  36080128   tbz w8, #1, #0x19752dd68
0x000000019752dd68:  b27f010d   orr x13, x8, #2
       x13 = 0x2
0x000000019752dd6c:  aa0803ec   mov x12, x8
       x12 = 0
0x000000019752dd70:  c8ec7d2d   casa x12, x13, [x9]
0x000000019752dd74:  eb08019f   cmp x12, x8
      cpsr = 0x60001000
0x000000019752dd78:  54000240   b.eq #0x19752ddc0
0x000000019752ddc0:  f900014b   str x11, [x10]
0x000000019752ddc4:  b9400e68   ldr w8, [x19, #0xc]
        x8 = 0x20a0
0x000000019752ddc8:  121e0509   and w9, w8, #0xc
        x9 = 0
0x000000019752ddcc:  7100213f   cmp w9, #8
      cpsr = 0x80001000
0x000000019752ddd0:  540000a1   b.ne #0x19752dde4
0x000000019752dde4:  52800000   mov w0, #0
        x0 = 0
0x000000019752dde8:  14000009   b #0x19752de0c
0x000000019752de0c:  a9417bfd   ldp x29, x30, [sp, #0x10]
        fp = 0x16fdff890
0x000000019752de10:  a8c24ff4   ldp x20, x19, [sp], #0x20
       x19 = 0
        sp = 0x16fdff840
0x000000019752de14:  d65f0fff   retab
0x00000001973ee7f0:  d0329308   adrp x8, #0x1fc650000
        x8 = 0x1fc650000
0x00000001973ee7f4:  f9458916   ldr x22, [x8, #0xb10]
       x22 = 0x10000c030
0x00000001973ee7f8:  b4000ff6   cbz x22, #0x1973ee9f4
0x00000001973ee7fc:  2a1303f7   mov w23, w19
       x23 = 0
0x00000001973ee800:  91002298   add x24, x20, #8
       x24 = 0x8
0x00000001973ee804:  d0329319   adrp x25, #0x1fc650000
       x25 = 0x1fc650000
0x00000001973ee808:  b0329314   adrp x20, #0x1fc64f000
       x20 = 0x1fc64f000
0x00000001973ee80c:  9106e294   add x20, x20, #0x1b8
       x20 = 0x1fc64f1b8
0x00000001973ee810:  b9400ada   ldr w26, [x22, #8]
0x00000001973ee814:  7100075f   cmp w26, #1
0x00000001973ee818:  54000e2b   b.lt #0x1973ee9dc
0x00000001973ee9dc:  f94002d6   ldr x22, [x22]
       x22 = 0
0x00000001973ee9e0:  b5fff196   cbnz x22, #0x1973ee810
0x00000001973ee9e4:  14000004   b #0x1973ee9f4
0x00000001973ee9e4:  14000004   b #0x1973ee9f4
0x00000001973ee9f4:  b0329300   adrp x0, #0x1fc64f000
        x0 = 0x1fc64f000
0x00000001973ee9f8:  9106e000   add x0, x0, #0x1b8
        x0 = 0x1fc64f1b8
0x00000001973ee9fc:  a9457bfd   ldp x29, x30, [sp, #0x50]
        fp = 0x16fdff8b0
        lr = 0x1973ee75c
0x00000001973eea00:  a9444ff4   ldp x20, x19, [sp, #0x40]
       x20 = 0x1fc3b00a0
0x00000001973eea04:  a94357f6   ldp x22, x21, [sp, #0x30]
       x22 = 0x16fdff9b8
0x00000001973eea08:  a9425ff8   ldp x24, x23, [sp, #0x20]
       x23 = 0x16fdff9b8
       x24 = 0x1971aa000
0x00000001973eea0c:  a94167fa   ldp x26, x25, [sp, #0x10]
       x25 = 0
0x00000001973eea10:  a8c66ffc   ldp x28, x27, [sp], #0x60
        sp = 0x16fdff8a0
0x00000001973eea14:  d50323ff   autibsp
0x00000001973eea18:  ca1e07d0   eor x16, x30, x30, lsl #1
       x16 = 0x2b94329e4
0x00000001973eea1c:  b6f00050   tbz x16, #0x3e, #0x1973eea24
0x00000001973eea24:  140148ff   b #0x197440e20
0x0000000197440e20:  d036a331   adrp x17, #0x2048a6000
       x17 = 0x2048a6000
0x0000000197440e24:  911c2231   add x17, x17, #0x708
       x17 = 0x2048a6708
0x0000000197440e28:  f9400230   ldr x16, [x17]
       x16 = 0x19752de18
0x0000000197440e2c:  d71f0a11   braa x16, x17
0x000000019752de18:  d503237f   pacibsp
0x000000019752de1c:  a9bf7bfd   stp x29, x30, [sp, #-0x10]!
        sp = 0x16fdff890
0x000000019752de20:  910003fd   mov x29, sp
        fp = 0x16fdff890
0x000000019752de24:  f9400008   ldr x8, [x0]
        x8 = 0x4d55545a
0x000000019752de28:  528a8b49   mov w9, #0x545a
        x9 = 0x545a
0x000000019752de2c:  72a9aaa9   movk w9, #0x4d55, lsl #16
        x9 = 0x4d55545a
0x000000019752de30:  eb09011f   cmp x8, x9
      cpsr = 0x60001000
0x000000019752de34:  540003e1   b.ne #0x19752deb0
0x000000019752de38:  b9400c08   ldr w8, [x0, #0xc]
        x8 = 0x20a0
0x000000019752de3c:  121a0909   and w9, w8, #0x1c0
        x9 = 0x80
0x000000019752de40:  7101013f   cmp w9, #0x40
      cpsr = 0x20001000
0x000000019752de44:  54000420   b.eq #0x19752dec8
0x000000019752de48:  377004c8   tbnz w8, #0xe, #0x19752dee0
0x000000019752de4c:  91007c08   add x8, x0, #0x1f
        x8 = 0x1fc64f1d7
0x000000019752de50:  927df10a   and x10, x8, #0xfffffffffffffff8
0x000000019752de54:  91009c08   add x8, x0, #0x27
        x8 = 0x1fc64f1df
0x000000019752de58:  927df108   and x8, x8, #0xfffffffffffffff8
        x8 = 0x1fc64f1d8
0x000000019752de5c:  f9400109   ldr x9, [x8]
        x9 = 0x2
0x000000019752de60:  f900015f   str xzr, [x10]
0x000000019752de64:  d360fd2a   lsr x10, x9, #0x20
       x10 = 0
0x000000019752de68:  4a09014a   eor w10, w10, w9
       x10 = 0x2
0x000000019752de6c:  f2785d5f   tst x10, #0xffffff00
      cpsr = 0x40001000
0x000000019752de70:  54000141   b.ne #0x19752de98
0x000000019752de74:  927ef92a   and x10, x9, #0xfffffffffffffffd
       x10 = 0
0x000000019752de78:  aa0903eb   mov x11, x9
       x11 = 0x2
0x000000019752de7c:  c8abfd0a   casl x11, x10, [x8]
0x000000019752de80:  eb09017f   cmp x11, x9
      cpsr = 0x60001000
0x000000019752de84:  aa0b03e9   mov x9, x11
0x000000019752de88:  54fffee1   b.ne #0x19752de64
0x000000019752de8c:  52800000   mov w0, #0
        x0 = 0
0x000000019752de90:  a8c17bfd   ldp x29, x30, [sp], #0x10
        fp = 0x16fdff8b0
        sp = 0x16fdff8a0
0x000000019752de94:  d65f0fff   retab
0x00000001973ee75c:  d0329308   adrp x8, #0x1fc650000
        x8 = 0x1fc650000
0x00000001973ee760:  b94b9908   ldr w8, [x8, #0xb98]
        x8 = 0
0x00000001973ee764:  34000048   cbz w8, #0x1973ee76c
0x00000001973ee76c:  aa1303e0   mov x0, x19
0x00000001973ee770:  9401468c   bl #0x1974401a0
        lr = 0x1973ee774
0x00000001974401a0:  b036a331   adrp x17, #0x2048a5000
       x17 = 0x2048a5000
0x00000001974401a4:  911d2231   add x17, x17, #0x748
       x17 = 0x2048a5748
0x00000001974401a8:  f9400230   ldr x16, [x17]
       x16 = 0x1974f9588
0x00000001974401ac:  d71f0a11   braa x16, x17
0x00000001974f9588:  d2800030   mov x16, #1
       x16 = 0x1
0x00000001974f958c:  d4001001   svc #0x80
Process exited normally.
